<?xml version="1.0" encoding="UTF-8"?>
<!-- Generated by org.testng.reporters.JUnitXMLReporter -->
<testsuite hostname="LAPTOP-8BGFE0TE" ignored="0" name="TC001_DisplayMessages" tests="2" failures="0" timestamp="18 May 2021 17:03:59 GMT" time="0.006" errors="0">
  <testcase name="displayMessage" time="0.001" classname="regressionSuite.TC001_DisplayMessages"/>
  <testcase name="displayName" time="0.001" classname="regressionSuite.TC001_DisplayMessages"/>
</testsuite> <!-- TC001_DisplayMessages -->
