<?xml version="1.0" encoding="UTF-8"?>
<!-- Generated by org.testng.reporters.JUnitXMLReporter -->
<testsuite hostname="LAPTOP-8BGFE0TE" ignored="0" name="TC003_LoginIntoSurveyMonkeyApplication" tests="3" failures="0" timestamp="18 May 2021 17:03:59 GMT" time="25.695" errors="0">
  <testcase name="invokeApllication" time="9.714" classname="regressionSuite.TC003_LoginIntoSurveyMonkeyApplication"/>
  <testcase name="loginIntoApplication" time="14.715" classname="regressionSuite.TC003_LoginIntoSurveyMonkeyApplication"/>
  <testcase name="logoutApplication" time="1.219" classname="regressionSuite.TC003_LoginIntoSurveyMonkeyApplication"/>
</testsuite> <!-- TC003_LoginIntoSurveyMonkeyApplication -->
