<?xml version="1.0" encoding="UTF-8"?>
<testng-results skipped="0" failed="0" ignored="0" total="1" passed="1">
  <reporter-output>
  </reporter-output>
  <suite name="Default suite" duration-ms="13486" started-at="2021-05-19T00:59:09Z" finished-at="2021-05-19T00:59:22Z">
    <groups>
    </groups>
    <test name="Default test" duration-ms="13486" started-at="2021-05-19T00:59:09Z" finished-at="2021-05-19T00:59:22Z">
      <class name="TestNGConcepts.TC014_PropertiesConcept">
        <test-method status="PASS" signature="setup()[pri:0, instance:TestNGConcepts.TC014_PropertiesConcept@9d0b9d]" name="setup" duration-ms="13454" started-at="2021-05-19T00:59:09Z" finished-at="2021-05-19T00:59:22Z">
          <reporter-output>
          </reporter-output>
        </test-method> <!-- setup -->
      </class> <!-- TestNGConcepts.TC014_PropertiesConcept -->
    </test> <!-- Default test -->
  </suite> <!-- Default suite -->
</testng-results>
